2011. 9. 15 오후 2:17:59 java.util.jar.Attributes read
경고: Duplicate name in Manifest: Specification-Title
2011. 9. 15 오후 2:17:59 java.util.jar.Attributes read
경고: Duplicate name in Manifest: Specification-Version
2011. 9. 15 오후 2:17:59 java.util.jar.Attributes read
경고: Duplicate name in Manifest: Specification-Vendor
2011. 9. 15 오후 2:17:59 java.util.jar.Attributes read
경고: Duplicate name in Manifest: Specification-Title
2011. 9. 15 오후 2:17:59 java.util.jar.Attributes read
경고: Duplicate name in Manifest: Specification-Version
2011. 9. 15 오후 2:17:59 java.util.jar.Attributes read
경고: Duplicate name in Manifest: Specification-Vendor
log4j:WARN No appenders could be found for logger (org.apache.commons.configuration.ConfigurationUtils).
log4j:WARN Please initialize the log4j system properly.
log4j:WARN See http://logging.apache.org/log4j/1.2/faq.html#noconfig for more info.
org.apache.commons.configuration.ConfigurationException: ./resource/config/embed-aradon-config.xml not exists
	at net.ion.radon.core.Aradon.init(Aradon.java:77)
	at net.ion.websocket.aradon.EmbedAradonServer.init(EmbedAradonServer.java:25)
	at net.ion.websocket.aradon.EmbedAradonServer.startAradon(EmbedAradonServer.java:35)
	at net.ion.websocket.aradon.EmbedAradonServer.start(EmbedAradonServer.java:49)
	at net.ion.websocket.server.ServerNodeRunner.start(ServerNodeRunner.java:71)
	at net.ion.websocket.server.ServerNodeRunner.main(ServerNodeRunner.java:95)
2011. 9. 15 오후 2:20:10 java.util.jar.Attributes read
경고: Duplicate name in Manifest: Specification-Title
2011. 9. 15 오후 2:20:10 java.util.jar.Attributes read
경고: Duplicate name in Manifest: Specification-Version
2011. 9. 15 오후 2:20:10 java.util.jar.Attributes read
경고: Duplicate name in Manifest: Specification-Vendor
2011. 9. 15 오후 2:20:10 java.util.jar.Attributes read
경고: Duplicate name in Manifest: Specification-Title
2011. 9. 15 오후 2:20:10 java.util.jar.Attributes read
경고: Duplicate name in Manifest: Specification-Version
2011. 9. 15 오후 2:20:10 java.util.jar.Attributes read
경고: Duplicate name in Manifest: Specification-Vendor
log4j:WARN No appenders could be found for logger (org.apache.commons.configuration.ConfigurationUtils).
log4j:WARN Please initialize the log4j system properly.
log4j:WARN See http://logging.apache.org/log4j/1.2/faq.html#noconfig for more info.
org.apache.commons.configuration.ConfigurationException: ./resource/config/embed-aradon-config.xml not exists
	at net.ion.radon.core.Aradon.init(Aradon.java:77)
	at net.ion.websocket.aradon.EmbedAradonServer.init(EmbedAradonServer.java:25)
	at net.ion.websocket.aradon.EmbedAradonServer.startAradon(EmbedAradonServer.java:35)
	at net.ion.websocket.aradon.EmbedAradonServer.start(EmbedAradonServer.java:49)
	at net.ion.websocket.server.ServerNodeRunner.start(ServerNodeRunner.java:71)
	at net.ion.websocket.server.ServerNodeRunner.main(ServerNodeRunner.java:95)
2011. 9. 15 오후 2:27:27 java.util.jar.Attributes read
경고: Duplicate name in Manifest: Specification-Title
2011. 9. 15 오후 2:27:27 java.util.jar.Attributes read
경고: Duplicate name in Manifest: Specification-Version
2011. 9. 15 오후 2:27:27 java.util.jar.Attributes read
경고: Duplicate name in Manifest: Specification-Vendor
2011. 9. 15 오후 2:27:27 java.util.jar.Attributes read
경고: Duplicate name in Manifest: Specification-Title
2011. 9. 15 오후 2:27:27 java.util.jar.Attributes read
경고: Duplicate name in Manifest: Specification-Version
2011. 9. 15 오후 2:27:27 java.util.jar.Attributes read
경고: Duplicate name in Manifest: Specification-Vendor
log4j:WARN No appenders could be found for logger (org.apache.commons.configuration.ConfigurationUtils).
log4j:WARN Please initialize the log4j system properly.
log4j:WARN See http://logging.apache.org/log4j/1.2/faq.html#noconfig for more info.
org.apache.commons.configuration.ConfigurationException: ./resource/config/embed-aradon-config.xml not exists
	at net.ion.radon.core.Aradon.init(Aradon.java:77)
	at net.ion.websocket.aradon.EmbedAradonServer.init(EmbedAradonServer.java:25)
	at net.ion.websocket.aradon.EmbedAradonServer.startAradon(EmbedAradonServer.java:35)
	at net.ion.websocket.aradon.EmbedAradonServer.start(EmbedAradonServer.java:49)
	at net.ion.websocket.server.ServerNodeRunner.start(ServerNodeRunner.java:71)
	at net.ion.websocket.server.ServerNodeRunner.main(ServerNodeRunner.java:95)
2011. 9. 15 오후 2:31:39 java.util.jar.Attributes read
경고: Duplicate name in Manifest: Specification-Title
2011. 9. 15 오후 2:31:39 java.util.jar.Attributes read
경고: Duplicate name in Manifest: Specification-Version
2011. 9. 15 오후 2:31:39 java.util.jar.Attributes read
경고: Duplicate name in Manifest: Specification-Vendor
2011. 9. 15 오후 2:31:39 java.util.jar.Attributes read
경고: Duplicate name in Manifest: Specification-Title
2011. 9. 15 오후 2:31:39 java.util.jar.Attributes read
경고: Duplicate name in Manifest: Specification-Version
2011. 9. 15 오후 2:31:39 java.util.jar.Attributes read
경고: Duplicate name in Manifest: Specification-Vendor
log4j:WARN No appenders could be found for logger (org.apache.commons.configuration.ConfigurationUtils).
log4j:WARN Please initialize the log4j system properly.
log4j:WARN See http://logging.apache.org/log4j/1.2/faq.html#noconfig for more info.
org.apache.commons.configuration.ConfigurationException: ./resource/config/embed-aradon-config.xml not exists
	at net.ion.radon.core.Aradon.init(Aradon.java:77)
	at net.ion.websocket.aradon.EmbedAradonServer.init(EmbedAradonServer.java:25)
	at net.ion.websocket.aradon.EmbedAradonServer.startAradon(EmbedAradonServer.java:35)
	at net.ion.websocket.aradon.EmbedAradonServer.start(EmbedAradonServer.java:49)
	at net.ion.websocket.server.ServerNodeRunner.start(ServerNodeRunner.java:72)
	at net.ion.websocket.server.ServerNodeRunner.main(ServerNodeRunner.java:96)
2011. 9. 15 오후 2:38:38 java.util.jar.Attributes read
경고: Duplicate name in Manifest: Specification-Title
2011. 9. 15 오후 2:38:38 java.util.jar.Attributes read
경고: Duplicate name in Manifest: Specification-Version
2011. 9. 15 오후 2:38:38 java.util.jar.Attributes read
경고: Duplicate name in Manifest: Specification-Vendor
2011. 9. 15 오후 2:38:38 java.util.jar.Attributes read
경고: Duplicate name in Manifest: Specification-Title
2011. 9. 15 오후 2:38:38 java.util.jar.Attributes read
경고: Duplicate name in Manifest: Specification-Version
2011. 9. 15 오후 2:38:38 java.util.jar.Attributes read
경고: Duplicate name in Manifest: Specification-Vendor
log4j:WARN No appenders could be found for logger (org.apache.commons.configuration.ConfigurationUtils).
log4j:WARN Please initialize the log4j system properly.
log4j:WARN See http://logging.apache.org/log4j/1.2/faq.html#noconfig for more info.
org.apache.commons.configuration.ConfigurationException: ./resource/config/embed-aradon-config.xml not exists
	at net.ion.radon.core.Aradon.init(Aradon.java:77)
	at net.ion.websocket.aradon.EmbedAradonServer.init(EmbedAradonServer.java:25)
	at net.ion.websocket.aradon.EmbedAradonServer.startAradon(EmbedAradonServer.java:35)
	at net.ion.websocket.aradon.EmbedAradonServer.start(EmbedAradonServer.java:49)
	at net.ion.websocket.server.ServerNodeRunner.start(ServerNodeRunner.java:72)
	at net.ion.websocket.server.ServerNodeRunner.main(ServerNodeRunner.java:96)
2011. 9. 15 오후 2:51:52 java.util.jar.Attributes read
경고: Duplicate name in Manifest: Specification-Title
2011. 9. 15 오후 2:51:52 java.util.jar.Attributes read
경고: Duplicate name in Manifest: Specification-Version
2011. 9. 15 오후 2:51:52 java.util.jar.Attributes read
경고: Duplicate name in Manifest: Specification-Vendor
2011. 9. 15 오후 2:51:52 java.util.jar.Attributes read
경고: Duplicate name in Manifest: Specification-Title
2011. 9. 15 오후 2:51:52 java.util.jar.Attributes read
경고: Duplicate name in Manifest: Specification-Version
2011. 9. 15 오후 2:51:52 java.util.jar.Attributes read
경고: Duplicate name in Manifest: Specification-Vendor
log4j:WARN No appenders could be found for logger (org.apache.commons.configuration.ConfigurationUtils).
log4j:WARN Please initialize the log4j system properly.
log4j:WARN See http://logging.apache.org/log4j/1.2/faq.html#noconfig for more info.
org.apache.commons.configuration.ConfigurationException: ./resource/config/embed-aradon-config.xml not exists
	at net.ion.radon.core.Aradon.init(Aradon.java:77)
	at net.ion.websocket.aradon.EmbedAradonServer.init(EmbedAradonServer.java:25)
	at net.ion.websocket.aradon.EmbedAradonServer.startAradon(EmbedAradonServer.java:35)
	at net.ion.websocket.aradon.EmbedAradonServer.start(EmbedAradonServer.java:49)
	at net.ion.websocket.server.ServerNodeRunner.start(ServerNodeRunner.java:72)
	at net.ion.websocket.server.ServerNodeRunner.main(ServerNodeRunner.java:96)
2011. 9. 15 오후 2:59:25 java.util.jar.Attributes read
경고: Duplicate name in Manifest: Specification-Title
2011. 9. 15 오후 2:59:25 java.util.jar.Attributes read
경고: Duplicate name in Manifest: Specification-Version
2011. 9. 15 오후 2:59:25 java.util.jar.Attributes read
경고: Duplicate name in Manifest: Specification-Vendor
2011. 9. 15 오후 2:59:25 java.util.jar.Attributes read
경고: Duplicate name in Manifest: Specification-Title
2011. 9. 15 오후 2:59:25 java.util.jar.Attributes read
경고: Duplicate name in Manifest: Specification-Version
2011. 9. 15 오후 2:59:25 java.util.jar.Attributes read
경고: Duplicate name in Manifest: Specification-Vendor
log4j:WARN No appenders could be found for logger (org.apache.commons.configuration.ConfigurationUtils).
log4j:WARN Please initialize the log4j system properly.
log4j:WARN See http://logging.apache.org/log4j/1.2/faq.html#noconfig for more info.
[Warn, plugin not exists] by net.ion.radon.core.ClassAppender:appendPath[20110915-145925]
[Warn, lib not exists] by net.ion.radon.core.ClassAppender:appendPath[20110915-145925]
SLF4J: The requested version 1.5.10 by your slf4j binding is not compatible with [1.5.5, 1.5.6]
SLF4J: See http://www.slf4j.org/codes.html#version_mismatch for further details.
jetty-7.x.y-SNAPSHOT
Started SelectChannelConnector@0.0.0.0:18787
aradon server started : 18787
2011-09-15	14:59:34	127.0.0.1	-	127.0.0.1	18787	GET	/	-	200	-	0	63	http://127.0.0.1:18787	Mozilla/5.0 (Windows NT 5.1; rv:6.0.2) Gecko/20100101 Firefox/6.0.2	-
2011-09-15	14:59:34	127.0.0.1	-	127.0.0.1	18787	GET	/favicon.ico	-	200	0	0	0	http://127.0.0.1:18787	Mozilla/5.0 (Windows NT 5.1; rv:6.0.2) Gecko/20100101 Firefox/6.0.2	-
A response with a 200 (Ok) status should have an entity. Make sure that resource "http://127.0.0.1:18787/favicon.ico" returns one or sets the status to 204 (No content).
2011-09-15	14:59:34	127.0.0.1	-	127.0.0.1	18787	GET	/favicon.ico	-	200	0	0	0	http://127.0.0.1:18787	Mozilla/5.0 (Windows NT 5.1; rv:6.0.2) Gecko/20100101 Firefox/6.0.2	-
A response with a 200 (Ok) status should have an entity. Make sure that resource "http://127.0.0.1:18787/favicon.ico" returns one or sets the status to 204 (No content).
2011-09-15	14:59:50	127.0.0.1	-	127.0.0.1	18787	GET	/monitor	-	200	-	0	0	http://127.0.0.1:18787	Mozilla/5.0 (Windows NT 5.1; rv:6.0.2) Gecko/20100101 Firefox/6.0.2	-
IDLE SCEP@5660886	[d=false,io=1,w=true,rb=false,wb=false]
